\BOOKMARK [1][-]{section.1}{Introduction}{}% 1
\BOOKMARK [1][-]{section.2}{Related Works}{}% 2
\BOOKMARK [1][-]{section.3}{Experiments}{}% 3
\BOOKMARK [2][-]{subsection.3.1}{Datasets}{section.3}% 4
\BOOKMARK [2][-]{subsection.3.2}{Baselines}{section.3}% 5
\BOOKMARK [2][-]{subsection.3.3}{Experiment Settings}{section.3}% 6
\BOOKMARK [2][-]{subsection.3.4}{Results}{section.3}% 7
\BOOKMARK [1][-]{section.4}{Conclusion}{}% 8
\BOOKMARK [1][-]{section.5}{Acknowledgment}{}% 9
\BOOKMARK [1][-]{section.6}{Reference}{}% 10
\BOOKMARK [1][-]{section.7}{Discussion and Future Works}{}% 11
\BOOKMARK [1][-]{section.8}{Submission of papers to NeurIPS 2019}{}% 12
\BOOKMARK [2][-]{subsection.8.1}{Style}{section.8}% 13
\BOOKMARK [2][-]{subsection.8.2}{Retrieval of style files}{section.8}% 14
\BOOKMARK [1][-]{section.9}{General formatting instructions}{}% 15
\BOOKMARK [1][-]{section.10}{Headings: first level}{}% 16
\BOOKMARK [2][-]{subsection.10.1}{Headings: second level}{section.10}% 17
\BOOKMARK [3][-]{subsubsection.10.1.1}{Headings: third level}{subsection.10.1}% 18
\BOOKMARK [1][-]{section.11}{Citations, figures, tables, references}{}% 19
\BOOKMARK [2][-]{subsection.11.1}{Citations within the text}{section.11}% 20
\BOOKMARK [2][-]{subsection.11.2}{Footnotes}{section.11}% 21
\BOOKMARK [2][-]{subsection.11.3}{Figures}{section.11}% 22
\BOOKMARK [2][-]{subsection.11.4}{Tables}{section.11}% 23
\BOOKMARK [1][-]{section.12}{Final instructions}{}% 24
\BOOKMARK [1][-]{section.13}{Preparing PDF files}{}% 25
\BOOKMARK [2][-]{subsection.13.1}{Margins in LaTeX}{section.13}% 26
